     diagonalizing the dynamical matrix ...

 q =       0.0000      0.0000      0.0000
 **************************************************************************
     freq (    1) =      -6.636077 [THz] =    -221.355714 [cm-1]
 (  0.000000   0.000000     0.000000   0.000000    -0.525253   0.000000   )
 (  0.000000   0.000000     0.000000   0.000000    -0.525253   0.000000   )
 (  0.000000   0.000000     0.000000   0.000000    -0.669492   0.000000   )
     freq (    2) =      -6.636077 [THz] =    -221.355714 [cm-1]
 (  0.000000   0.000000     0.525253   0.000000    -0.000000   0.000000   )
 (  0.000000   0.000000     0.525253   0.000000     0.000000   0.000000   )
 (  0.000000   0.000000     0.669492   0.000000     0.000000   0.000000   )
     freq (    3) =       4.040556 [THz] =     134.778445 [cm-1]
 (  0.000000   0.000000    -0.300390   0.000000    -0.640129   0.000000   )
 (  0.000000   0.000000     0.300390   0.000000     0.640129   0.000000   )
 (  0.000000   0.000000    -0.000000   0.000000     0.000000   0.000000   )
     freq (    4) =       4.040556 [THz] =     134.778445 [cm-1]
 (  0.000000   0.000000    -0.640129   0.000000     0.300390   0.000000   )
 (  0.000000   0.000000     0.640129   0.000000    -0.300390   0.000000   )
 (  0.000000   0.000000     0.000000   0.000000     0.000000   0.000000   )
     freq (    5) =       4.274459 [THz] =     142.580611 [cm-1]
 ( -0.577697   0.000000    -0.000000   0.000000    -0.000000   0.000000   )
 ( -0.577697   0.000000     0.000000   0.000000     0.000000   0.000000   )
 ( -0.576656   0.000000     0.000000   0.000000     0.000000   0.000000   )
     freq (    6) =      19.014354 [THz] =     634.250579 [cm-1]
 (  0.000000   0.000000     0.000000   0.000000    -0.396247   0.000000   )
 (  0.000000   0.000000     0.000000   0.000000    -0.396247   0.000000   )
 (  0.000000   0.000000     0.000000   0.000000     0.828237   0.000000   )
     freq (    7) =      19.014354 [THz] =     634.250579 [cm-1]
 ( -0.000000   0.000000    -0.396247   0.000000    -0.000000   0.000000   )
 ( -0.000000   0.000000    -0.396247   0.000000     0.000000   0.000000   )
 ( -0.000000   0.000000     0.828237   0.000000     0.000000   0.000000   )
     freq (    8) =      39.494174 [THz] =    1317.383853 [cm-1]
 (  0.707107   0.000000     0.000000   0.000000     0.000000   0.000000   )
 ( -0.707107   0.000000    -0.000000   0.000000    -0.000000   0.000000   )
 ( -0.000000   0.000000    -0.000000   0.000000     0.000000   0.000000   )
     freq (    9) =      70.370154 [THz] =    2347.295673 [cm-1]
 ( -0.331068   0.000000     0.000000   0.000000    -0.000000   0.000000   )
 ( -0.331068   0.000000    -0.000000   0.000000     0.000000   0.000000   )
 (  0.883622   0.000000     0.000000   0.000000     0.000000   0.000000   )
 **************************************************************************
