 &plot nbnd=   4, nks=    10 /
            0.125000  0.125000  0.125000
  -14.020  -13.270   -2.918    6.802
            0.125000  0.125000  0.375000
  -13.941  -13.313   -2.405    5.208
            0.125000  0.125000  0.625000
  -13.810  -13.396   -1.354    4.029
            0.125000  0.125000  0.875000
  -13.659  -13.514    0.255    2.371
            0.125000  0.375000  0.375000
  -13.879  -13.351   -1.883    3.609
            0.125000  0.375000  0.625000
  -13.774  -13.422   -0.824    2.500
            0.125000  0.375000  0.875000
  -13.658  -13.514    0.756    1.930
            0.125000  0.625000  0.625000
  -13.715  -13.467    0.220    1.445
            0.375000  0.375000  0.375000
  -13.836  -13.379   -1.356    1.964
            0.375000  0.375000  0.625000
  -13.770  -13.425   -0.307    0.886
